<?xml version="1.0" encoding="UTF-8"?>
<!-- Generated by org.testng.reporters.JUnitXMLReporter -->
<testsuite hostname="TekArch" ignored="1" name="LoginTest" tests="2" failures="0" timestamp="29 Mar 2022 16:53:38 GMT" time="22.739" errors="0">
  <testcase name="loginErrorMessageTC01" time="5.172" classname="sfdc.test.LoginTest"/>
  <testcase name="loginErrorMessageTC01" time="2.206" classname="sfdc.test.LoginTest"/>
  <testcase name="loginAccounts" time="0.0" classname="sfdc.test.LoginTest">
    <ignored/>
  </testcase> <!-- loginAccounts -->
</testsuite> <!-- LoginTest -->
